c:\users\99455\desktop\learnply4.0\learnply\debug\vc142.pdb
c:\users\99455\desktop\learnply4.0\learnply\debug\vc142.idb
c:\users\99455\desktop\learnply4.0\learnply\debug\trackball.obj
c:\users\99455\desktop\learnply4.0\learnply\debug\tmatrix.obj
c:\users\99455\desktop\learnply4.0\learnply\debug\ply.obj
c:\users\99455\desktop\learnply4.0\learnply\debug\learnply.obj
c:\users\99455\desktop\learnply4.0\learnply\debug\icvector.obj
c:\users\99455\desktop\learnply4.0\learnply\debug\learnply.exe
c:\users\25840\onedrive\desktop\scientific_visualization\learnply4.0\learnply\debug\icvector.obj
c:\users\25840\onedrive\desktop\scientific_visualization\learnply4.0\learnply\debug\learnply.obj
c:\users\25840\onedrive\desktop\scientific_visualization\learnply4.0\learnply\debug\ply.obj
c:\users\25840\onedrive\desktop\scientific_visualization\learnply4.0\learnply\debug\tmatrix.obj
c:\users\25840\onedrive\desktop\scientific_visualization\learnply4.0\learnply\debug\trackball.obj
c:\users\25840\onedrive\desktop\scientific_visualization\learnply4.0\learnply\debug\vc142.idb
c:\users\25840\onedrive\desktop\scientific_visualization\learnply4.0\learnply\debug\vc142.pdb
c:\users\25840\onedrive\desktop\scientific_visualization\learnply4.0\learnply\.\debug\learnply.exe
c:\users\25840\onedrive\desktop\scientific_visualization\learnply4.0\learnply\debug\learnply.tlog\cl.command.1.tlog
c:\users\25840\onedrive\desktop\scientific_visualization\learnply4.0\learnply\debug\learnply.tlog\cl.read.1.tlog
c:\users\25840\onedrive\desktop\scientific_visualization\learnply4.0\learnply\debug\learnply.tlog\cl.write.1.tlog
c:\users\25840\onedrive\desktop\scientific_visualization\learnply4.0\learnply\debug\learnply.tlog\link.command.1.tlog
c:\users\25840\onedrive\desktop\scientific_visualization\learnply4.0\learnply\debug\learnply.tlog\link.read.1.tlog
c:\users\25840\onedrive\desktop\scientific_visualization\learnply4.0\learnply\debug\learnply.tlog\link.write.1.tlog
